<?xml version="1.0" encoding="UTF-8"?>
<!-- Generated by org.testng.reporters.JUnitReportReporter -->
<testsuite hostname="DESKTOP-DSUGBTM" failures="0" tests="1" name="com.crm.Oraganization.CreateOrganization" time="26.225" errors="0" timestamp="2022-08-18T15:33:24 IST" skipped="0">
  <testcase classname="com.crm.Oraganization.CreateOrganization" name="method" time="26.225"/>
  <system-out/>
</testsuite> <!-- com.crm.Oraganization.CreateOrganization -->
