<?xml version="1.0" encoding="UTF-8"?>
<!-- Generated by org.testng.reporters.JUnitReportReporter -->
<testsuite hostname="DESKTOP-DSUGBTM" failures="0" tests="1" name="com.crm.Oraganization.CreateOrganization" time="62.479" errors="0" timestamp="2022-08-16T15:58:20 IST" skipped="0">
  <testcase classname="com.crm.Oraganization.CreateOrganization" name="method" time="62.479"/>
  <system-out/>
</testsuite> <!-- com.crm.Oraganization.CreateOrganization -->
